Server initialized for eventlet.
6NedwbpAySgZoMhLAAAA: Sending packet OPEN data {'sid': '6NedwbpAySgZoMhLAAAA', 'upgrades': [], 'pingTimeout': 20000, 'pingInterval': 25000, 'maxPayload': 1000000}
6NedwbpAySgZoMhLAAAA: Received request to upgrade to websocket
6NedwbpAySgZoMhLAAAA: Upgrade to websocket successful
6NedwbpAySgZoMhLAAAA: Received packet MESSAGE data 0
emitting event "connection_response" to u2u0q9YiN-W7U3PTAAAB [/]
6NedwbpAySgZoMhLAAAA: Sending packet MESSAGE data 2["connection_response",{"data":"\u8fde\u63a5\u6210\u529f"}]
6NedwbpAySgZoMhLAAAA: Sending packet MESSAGE data 0{"sid":"u2u0q9YiN-W7U3PTAAAB"}
6NedwbpAySgZoMhLAAAA: Sending packet PING data None
6NedwbpAySgZoMhLAAAA: Received packet PONG data 
6NedwbpAySgZoMhLAAAA: Sending packet PING data None
6NedwbpAySgZoMhLAAAA: Received packet PONG data 
6NedwbpAySgZoMhLAAAA: Sending packet PING data None
6NedwbpAySgZoMhLAAAA: Received packet PONG data 
6NedwbpAySgZoMhLAAAA: Sending packet PING data None
6NedwbpAySgZoMhLAAAA: Received packet PONG data 
6NedwbpAySgZoMhLAAAA: Sending packet PING data None
6NedwbpAySgZoMhLAAAA: Received packet PONG data 
6NedwbpAySgZoMhLAAAA: Sending packet PING data None
6NedwbpAySgZoMhLAAAA: Received packet PONG data 
6NedwbpAySgZoMhLAAAA: Sending packet PING data None
6NedwbpAySgZoMhLAAAA: Received packet PONG data 
6NedwbpAySgZoMhLAAAA: Sending packet PING data None
6NedwbpAySgZoMhLAAAA: Received packet PONG data 
6NedwbpAySgZoMhLAAAA: Sending packet PING data None
6NedwbpAySgZoMhLAAAA: Received packet PONG data 
